<?xml version="1.0" encoding="UTF-8"?>
<!-- Generated by org.testng.reporters.JUnitReportReporter -->
<testsuite hostname="LAPTOP-FI377S0Q" failures="0" tests="1" name="Test.MakeMyTripFireFox" time="0.112" errors="0" timestamp="2023-05-18T15:15:58 IST" skipped="0">
  <testcase classname="Test.MakeMyTripFireFox" name="checkLogo" time="0.112"/>
  <system-out/>
</testsuite> <!-- Test.MakeMyTripFireFox -->
