<?xml version="1.0" encoding="UTF-8"?>
<!-- Generated by org.testng.reporters.JUnitReportReporter -->
<testsuite hostname="LAPTOP-FI377S0Q" failures="0" tests="1" name="caseStudy.testCases.TestCaseScenario2" time="5.086" errors="0" timestamp="2023-06-10T14:12:41 IST" skipped="0">
  <testcase classname="caseStudy.testCases.TestCaseScenario2" name="Scenario_2" time="5.086"/>
  <system-out/>
</testsuite> <!-- caseStudy.testCases.TestCaseScenario2 -->
