<?xml version="1.0" encoding="UTF-8"?>
<!-- Generated by org.testng.reporters.JUnitReportReporter -->
<testsuite hostname="LAPTOP-FI377S0Q" failures="0" tests="1" name="caseStudy.testCases.TestCaseScenario1" time="8.298" errors="0" timestamp="2023-06-10T14:11:57 IST" skipped="0">
  <testcase classname="caseStudy.testCases.TestCaseScenario1" name="Scenario_1" time="8.298"/>
  <system-out/>
</testsuite> <!-- caseStudy.testCases.TestCaseScenario1 -->
